<?xml version="1.0" encoding="UTF-8"?>
<testsuite xmlns:xsi="http://www.w3.org/2001/XMLSchema-instance" xsi:noNamespaceSchemaLocation="https://maven.apache.org/surefire/maven-surefire-plugin/xsd/surefire-test-report-3.0.xsd" version="3.0" name="testRunner.TestRunner" time="208.213" tests="8" errors="0" skipped="0" failures="2">
  <properties>
[...]
</properties>
  <testcase name="validating the results of bookshelves" classname="Validating BookShelves Result" time="27.158">
    <system-out><![CDATA[
Scenario: validating the results of bookshelves            # Feature_Files/TS001_Val_Bookshelves.feature:3
  Given the user search for "Bookshelves"                  # step_Definitions.TS001_Validate_Bookshelves.the_user_search_for(java.lang.String)
  When the user performs all conditions as per description # step_Definitions.TS001_Validate_Bookshelves.the_user_performs_all_conditions_as_per_description()
------------Display the name & price of first 3 Bookshelves below Rs. 15000---------
Theodore Engineered Wood Bookshelf In Rustic Walnut Finish = ₹13,280
Harwin Solid Wood Bookshelf In Teak Finish = ₹11,263
Marble Engineered Wood Bookshelf In Walnut Finish = ₹10,980
  Then the user sees the result page of the product        # step_Definitions.TS001_Validate_Bookshelves.the_user_sees_the_result_page_of_the_product()

    Embedding validating the results of bookshelves [image/png 706461 bytes]

]]></system-out>
    <system-err><![CDATA[Apr 12, 2024 7:58:53 PM org.openqa.selenium.devtools.CdpVersionFinder findNearestMatch
WARNING: Unable to find CDP implementation matching 120
Apr 12, 2024 7:58:53 PM org.openqa.selenium.chromium.ChromiumDriver lambda$new$5
WARNING: Unable to find version of CDP to use for 120.0.6099.130. You may need to include a dependency on a specific version of the CDP using something similar to `org.seleniumhq.selenium:selenium-devtools-v86:4.19.1` where the version ("v86") matches the version of the chromium-based browser you're using and the version number of the artifact is the same as Selenium's.
]]></system-err>
  </testcase>
  <testcase name="validating the submenu under LivingStorage" classname="Validate the submenu of LivingStorage Option" time="30.07">
    <system-out><![CDATA[
Scenario: validating the submenu under LivingStorage                     # Feature_Files/TS002_Val_SubMenu.feature:3
  Given the user close the popup                                         # step_Definitions.TS002_Validate_SubMenu.the_user_close_the_popup()
  When the user clicks on the LivingStorage Option                       # step_Definitions.TS002_Validate_SubMenu.the_user_clicks_on_the_living_storage_option()
------------From Living, retrieve all items under any one of sub-menu items-----------
TV Units
Bookshelves
Shoe Racks
Prayer Units
Showcases
Wall Shelves
Entryway & Foyer
Room Divider
Living Room Sets
  Then the user should able to see the submenu present under that option # step_Definitions.TS002_Validate_SubMenu.the_user_should_able_to_see_the_submenu_present_under_that_option()

    Embedding validating the submenu under LivingStorage [image/png 476083 bytes]

]]></system-out>
    <system-err><![CDATA[Apr 12, 2024 7:59:19 PM org.openqa.selenium.devtools.CdpVersionFinder findNearestMatch
WARNING: Unable to find CDP implementation matching 120
Apr 12, 2024 7:59:19 PM org.openqa.selenium.chromium.ChromiumDriver lambda$new$5
WARNING: Unable to find version of CDP to use for 120.0.6099.130. You may need to include a dependency on a specific version of the CDP using something similar to `org.seleniumhq.selenium:selenium-devtools-v86:4.19.1` where the version ("v86") matches the version of the chromium-based browser you're using and the version number of the artifact is the same as Selenium's.
]]></system-err>
  </testcase>
  <testcase name="Validating giftCard with valid,invalid inputs #1" classname="Validate GiftCard DataDriven with Excel" time="15.493">
    <system-out><![CDATA[
Scenario Outline: Validating giftCard with valid,invalid inputs                            # Feature_Files/TS003_Val_GiftCards.feature:9
  Given the user navigates to giftCard section                                             # step_Definitions.TS003_Validate_Gift_Cards.the_user_navigates_to_gift_card_section()
Info Valid = Raja
  Then user should be redirected to payment page by passing all details with excel row "1" # step_Definitions.TS003_Validate_Gift_Cards.user_should_be_redirected_to_payment_page_by_passing_all_details_with_excel_row(java.lang.String)

    Embedding Validating giftCard with valid,invalid inputs [image/png 1238483 bytes]

]]></system-out>
    <system-err><![CDATA[Apr 12, 2024 7:59:49 PM org.openqa.selenium.devtools.CdpVersionFinder findNearestMatch
WARNING: Unable to find CDP implementation matching 120
Apr 12, 2024 7:59:49 PM org.openqa.selenium.chromium.ChromiumDriver lambda$new$5
WARNING: Unable to find version of CDP to use for 120.0.6099.130. You may need to include a dependency on a specific version of the CDP using something similar to `org.seleniumhq.selenium:selenium-devtools-v86:4.19.1` where the version ("v86") matches the version of the chromium-based browser you're using and the version number of the artifact is the same as Selenium's.
]]></system-err>
  </testcase>
  <testcase name="Validating giftCard with valid,invalid inputs #2" classname="Validate GiftCard DataDriven with Excel" time="36.631">
    <failure message="Section Element Not found: no such element: Unable to locate element: {&quot;method&quot;:&quot;xpath&quot;,&quot;selector&quot;:&quot;//section[@class = &apos;_14QEd _1QpDs&apos;]&quot;}&#10;  (Session info: chrome=120.0.6099.130)&#10;For documentation on this error, please visit: https://www.selenium.dev/documentation/webdriver/troubleshooting/errors#no-such-element-exception&#10;Build info: version: &apos;4.19.1&apos;, revision: &apos;abe0ee07dc&apos;&#10;System info: os.name: &apos;Windows 11&apos;, os.arch: &apos;amd64&apos;, os.version: &apos;10.0&apos;, java.version: &apos;17.0.10&apos;&#10;Driver info: org.openqa.selenium.chrome.ChromeDriver&#10;Command: [bc8b6518131efd7be9d6d49f82d34026, findElement {using=xpath, value=//section[@class = &apos;_14QEd _1QpDs&apos;]}]&#10;Capabilities {acceptInsecureCerts: false, browserName: chrome, browserVersion: 120.0.6099.130, chrome: {chromedriverVersion: 120.0.6099.109 (3419140ab66..., userDataDir: C:\WINDOWS\SystemTemp\scope...}, fedcm:accounts: true, goog:chromeOptions: {debuggerAddress: localhost:55488}, networkConnectionEnabled: false, pageLoadStrategy: normal, platformName: windows, proxy: Proxy(), se:cdp: ws://localhost:55488/devtoo..., se:cdpVersion: 120.0.6099.130, setWindowRect: true, strictFileInteractability: false, timeouts: {implicit: 0, pageLoad: 300000, script: 30000}, unhandledPromptBehavior: dismiss and notify, webauthn:extension:credBlob: true, webauthn:extension:largeBlob: true, webauthn:extension:minPinLength: true, webauthn:extension:prf: true, webauthn:virtualAuthenticators: true}&#10;Session ID: bc8b6518131efd7be9d6d49f82d34026" type="java.lang.AssertionError"><![CDATA[java.lang.AssertionError: 
Section Element Not found: no such element: Unable to locate element: {"method":"xpath","selector":"//section[@class = '_14QEd _1QpDs']"}
  (Session info: chrome=120.0.6099.130)
For documentation on this error, please visit: https://www.selenium.dev/documentation/webdriver/troubleshooting/errors#no-such-element-exception
Build info: version: '4.19.1', revision: 'abe0ee07dc'
System info: os.name: 'Windows 11', os.arch: 'amd64', os.version: '10.0', java.version: '17.0.10'
Driver info: org.openqa.selenium.chrome.ChromeDriver
Command: [bc8b6518131efd7be9d6d49f82d34026, findElement {using=xpath, value=//section[@class = '_14QEd _1QpDs']}]
Capabilities {acceptInsecureCerts: false, browserName: chrome, browserVersion: 120.0.6099.130, chrome: {chromedriverVersion: 120.0.6099.109 (3419140ab66..., userDataDir: C:\WINDOWS\SystemTemp\scope...}, fedcm:accounts: true, goog:chromeOptions: {debuggerAddress: localhost:55488}, networkConnectionEnabled: false, pageLoadStrategy: normal, platformName: windows, proxy: Proxy(), se:cdp: ws://localhost:55488/devtoo..., se:cdpVersion: 120.0.6099.130, setWindowRect: true, strictFileInteractability: false, timeouts: {implicit: 0, pageLoad: 300000, script: 30000}, unhandledPromptBehavior: dismiss and notify, webauthn:extension:credBlob: true, webauthn:extension:largeBlob: true, webauthn:extension:minPinLength: true, webauthn:extension:prf: true, webauthn:virtualAuthenticators: true}
Session ID: bc8b6518131efd7be9d6d49f82d34026
	at org.junit.Assert.fail(Assert.java:89)
	at step_Definitions.TS003_Validate_Gift_Cards.user_should_be_redirected_to_payment_page_by_passing_all_details_with_excel_row(TS003_Validate_Gift_Cards.java:106)
	at ✽.user should be redirected to payment page by passing all details with excel row "2"(file:///C:/Users/2318646/eclipse-workspace/Hackathon_Project_Cucumber/./Feature_Files/TS003_Val_GiftCards.feature:5)
]]></failure>
    <system-out><![CDATA[
Scenario Outline: Validating giftCard with valid,invalid inputs                            # Feature_Files/TS003_Val_GiftCards.feature:10
  Given the user navigates to giftCard section                                             # step_Definitions.TS003_Validate_Gift_Cards.the_user_navigates_to_gift_card_section()
Info Invalid = Kamal
  Then user should be redirected to payment page by passing all details with excel row "2" # step_Definitions.TS003_Validate_Gift_Cards.user_should_be_redirected_to_payment_page_by_passing_all_details_with_excel_row(java.lang.String)
      java.lang.AssertionError: Section Element Not found: no such element: Unable to locate element: {"method":"xpath","selector":"//section[@class = '_14QEd _1QpDs']"}
  (Session info: chrome=120.0.6099.130)
For documentation on this error, please visit: https://www.selenium.dev/documentation/webdriver/troubleshooting/errors#no-such-element-exception
Build info: version: '4.19.1', revision: 'abe0ee07dc'
System info: os.name: 'Windows 11', os.arch: 'amd64', os.version: '10.0', java.version: '17.0.10'
Driver info: org.openqa.selenium.chrome.ChromeDriver
Command: [bc8b6518131efd7be9d6d49f82d34026, findElement {using=xpath, value=//section[@class = '_14QEd _1QpDs']}]
Capabilities {acceptInsecureCerts: false, browserName: chrome, browserVersion: 120.0.6099.130, chrome: {chromedriverVersion: 120.0.6099.109 (3419140ab66..., userDataDir: C:\WINDOWS\SystemTemp\scope...}, fedcm:accounts: true, goog:chromeOptions: {debuggerAddress: localhost:55488}, networkConnectionEnabled: false, pageLoadStrategy: normal, platformName: windows, proxy: Proxy(), se:cdp: ws://localhost:55488/devtoo..., se:cdpVersion: 120.0.6099.130, setWindowRect: true, strictFileInteractability: false, timeouts: {implicit: 0, pageLoad: 300000, script: 30000}, unhandledPromptBehavior: dismiss and notify, webauthn:extension:credBlob: true, webauthn:extension:largeBlob: true, webauthn:extension:minPinLength: true, webauthn:extension:prf: true, webauthn:virtualAuthenticators: true}
Session ID: bc8b6518131efd7be9d6d49f82d34026
	at org.junit.Assert.fail(Assert.java:89)
	at step_Definitions.TS003_Validate_Gift_Cards.user_should_be_redirected_to_payment_page_by_passing_all_details_with_excel_row(TS003_Validate_Gift_Cards.java:106)
	at âœ½.user should be redirected to payment page by passing all details with excel row "2"(file:///C:/Users/2318646/eclipse-workspace/Hackathon_Project_Cucumber/./Feature_Files/TS003_Val_GiftCards.feature:5)


    Embedding Validating giftCard with valid,invalid inputs [image/png 95823 bytes]

]]></system-out>
    <system-err><![CDATA[Apr 12, 2024 8:00:05 PM org.openqa.selenium.devtools.CdpVersionFinder findNearestMatch
WARNING: Unable to find CDP implementation matching 120
Apr 12, 2024 8:00:05 PM org.openqa.selenium.chromium.ChromiumDriver lambda$new$5
WARNING: Unable to find version of CDP to use for 120.0.6099.130. You may need to include a dependency on a specific version of the CDP using something similar to `org.seleniumhq.selenium:selenium-devtools-v86:4.19.1` where the version ("v86") matches the version of the chromium-based browser you're using and the version number of the artifact is the same as Selenium's.
]]></system-err>
  </testcase>
  <testcase name="Validating giftCard with valid,invalid inputs #3" classname="Validate GiftCard DataDriven with Excel" time="14.676">
    <system-out><![CDATA[
Scenario Outline: Validating giftCard with valid,invalid inputs                            # Feature_Files/TS003_Val_GiftCards.feature:11
  Given the user navigates to giftCard section                                             # step_Definitions.TS003_Validate_Gift_Cards.the_user_navigates_to_gift_card_section()
Info Valid = Gomathi
  Then user should be redirected to payment page by passing all details with excel row "3" # step_Definitions.TS003_Validate_Gift_Cards.user_should_be_redirected_to_payment_page_by_passing_all_details_with_excel_row(java.lang.String)

    Embedding Validating giftCard with valid,invalid inputs [image/png 1239490 bytes]

]]></system-out>
    <system-err><![CDATA[Apr 12, 2024 8:00:41 PM org.openqa.selenium.devtools.CdpVersionFinder findNearestMatch
WARNING: Unable to find CDP implementation matching 120
Apr 12, 2024 8:00:41 PM org.openqa.selenium.chromium.ChromiumDriver lambda$new$5
WARNING: Unable to find version of CDP to use for 120.0.6099.130. You may need to include a dependency on a specific version of the CDP using something similar to `org.seleniumhq.selenium:selenium-devtools-v86:4.19.1` where the version ("v86") matches the version of the chromium-based browser you're using and the version number of the artifact is the same as Selenium's.
]]></system-err>
  </testcase>
  <testcase name="Validating giftCard with valid,invalid inputs #4" classname="Validate GiftCard DataDriven with Excel" time="33.869">
    <failure message="Section Element Not found: no such element: Unable to locate element: {&quot;method&quot;:&quot;xpath&quot;,&quot;selector&quot;:&quot;//section[@class = &apos;_14QEd _1QpDs&apos;]&quot;}&#10;  (Session info: chrome=120.0.6099.130)&#10;For documentation on this error, please visit: https://www.selenium.dev/documentation/webdriver/troubleshooting/errors#no-such-element-exception&#10;Build info: version: &apos;4.19.1&apos;, revision: &apos;abe0ee07dc&apos;&#10;System info: os.name: &apos;Windows 11&apos;, os.arch: &apos;amd64&apos;, os.version: &apos;10.0&apos;, java.version: &apos;17.0.10&apos;&#10;Driver info: org.openqa.selenium.chrome.ChromeDriver&#10;Command: [bd51cabb1b7a6fc74dff1ec77c3a2e40, findElement {using=xpath, value=//section[@class = &apos;_14QEd _1QpDs&apos;]}]&#10;Capabilities {acceptInsecureCerts: false, browserName: chrome, browserVersion: 120.0.6099.130, chrome: {chromedriverVersion: 120.0.6099.109 (3419140ab66..., userDataDir: C:\WINDOWS\SystemTemp\scope...}, fedcm:accounts: true, goog:chromeOptions: {debuggerAddress: localhost:55630}, networkConnectionEnabled: false, pageLoadStrategy: normal, platformName: windows, proxy: Proxy(), se:cdp: ws://localhost:55630/devtoo..., se:cdpVersion: 120.0.6099.130, setWindowRect: true, strictFileInteractability: false, timeouts: {implicit: 0, pageLoad: 300000, script: 30000}, unhandledPromptBehavior: dismiss and notify, webauthn:extension:credBlob: true, webauthn:extension:largeBlob: true, webauthn:extension:minPinLength: true, webauthn:extension:prf: true, webauthn:virtualAuthenticators: true}&#10;Session ID: bd51cabb1b7a6fc74dff1ec77c3a2e40" type="java.lang.AssertionError"><![CDATA[java.lang.AssertionError: 
Section Element Not found: no such element: Unable to locate element: {"method":"xpath","selector":"//section[@class = '_14QEd _1QpDs']"}
  (Session info: chrome=120.0.6099.130)
For documentation on this error, please visit: https://www.selenium.dev/documentation/webdriver/troubleshooting/errors#no-such-element-exception
Build info: version: '4.19.1', revision: 'abe0ee07dc'
System info: os.name: 'Windows 11', os.arch: 'amd64', os.version: '10.0', java.version: '17.0.10'
Driver info: org.openqa.selenium.chrome.ChromeDriver
Command: [bd51cabb1b7a6fc74dff1ec77c3a2e40, findElement {using=xpath, value=//section[@class = '_14QEd _1QpDs']}]
Capabilities {acceptInsecureCerts: false, browserName: chrome, browserVersion: 120.0.6099.130, chrome: {chromedriverVersion: 120.0.6099.109 (3419140ab66..., userDataDir: C:\WINDOWS\SystemTemp\scope...}, fedcm:accounts: true, goog:chromeOptions: {debuggerAddress: localhost:55630}, networkConnectionEnabled: false, pageLoadStrategy: normal, platformName: windows, proxy: Proxy(), se:cdp: ws://localhost:55630/devtoo..., se:cdpVersion: 120.0.6099.130, setWindowRect: true, strictFileInteractability: false, timeouts: {implicit: 0, pageLoad: 300000, script: 30000}, unhandledPromptBehavior: dismiss and notify, webauthn:extension:credBlob: true, webauthn:extension:largeBlob: true, webauthn:extension:minPinLength: true, webauthn:extension:prf: true, webauthn:virtualAuthenticators: true}
Session ID: bd51cabb1b7a6fc74dff1ec77c3a2e40
	at org.junit.Assert.fail(Assert.java:89)
	at step_Definitions.TS003_Validate_Gift_Cards.user_should_be_redirected_to_payment_page_by_passing_all_details_with_excel_row(TS003_Validate_Gift_Cards.java:106)
	at ✽.user should be redirected to payment page by passing all details with excel row "4"(file:///C:/Users/2318646/eclipse-workspace/Hackathon_Project_Cucumber/./Feature_Files/TS003_Val_GiftCards.feature:5)
]]></failure>
    <system-out><![CDATA[
Scenario Outline: Validating giftCard with valid,invalid inputs                            # Feature_Files/TS003_Val_GiftCards.feature:12
  Given the user navigates to giftCard section                                             # step_Definitions.TS003_Validate_Gift_Cards.the_user_navigates_to_gift_card_section()
Info Invalid = Vimal
  Then user should be redirected to payment page by passing all details with excel row "4" # step_Definitions.TS003_Validate_Gift_Cards.user_should_be_redirected_to_payment_page_by_passing_all_details_with_excel_row(java.lang.String)
      java.lang.AssertionError: Section Element Not found: no such element: Unable to locate element: {"method":"xpath","selector":"//section[@class = '_14QEd _1QpDs']"}
  (Session info: chrome=120.0.6099.130)
For documentation on this error, please visit: https://www.selenium.dev/documentation/webdriver/troubleshooting/errors#no-such-element-exception
Build info: version: '4.19.1', revision: 'abe0ee07dc'
System info: os.name: 'Windows 11', os.arch: 'amd64', os.version: '10.0', java.version: '17.0.10'
Driver info: org.openqa.selenium.chrome.ChromeDriver
Command: [bd51cabb1b7a6fc74dff1ec77c3a2e40, findElement {using=xpath, value=//section[@class = '_14QEd _1QpDs']}]
Capabilities {acceptInsecureCerts: false, browserName: chrome, browserVersion: 120.0.6099.130, chrome: {chromedriverVersion: 120.0.6099.109 (3419140ab66..., userDataDir: C:\WINDOWS\SystemTemp\scope...}, fedcm:accounts: true, goog:chromeOptions: {debuggerAddress: localhost:55630}, networkConnectionEnabled: false, pageLoadStrategy: normal, platformName: windows, proxy: Proxy(), se:cdp: ws://localhost:55630/devtoo..., se:cdpVersion: 120.0.6099.130, setWindowRect: true, strictFileInteractability: false, timeouts: {implicit: 0, pageLoad: 300000, script: 30000}, unhandledPromptBehavior: dismiss and notify, webauthn:extension:credBlob: true, webauthn:extension:largeBlob: true, webauthn:extension:minPinLength: true, webauthn:extension:prf: true, webauthn:virtualAuthenticators: true}
Session ID: bd51cabb1b7a6fc74dff1ec77c3a2e40
	at org.junit.Assert.fail(Assert.java:89)
	at step_Definitions.TS003_Validate_Gift_Cards.user_should_be_redirected_to_payment_page_by_passing_all_details_with_excel_row(TS003_Validate_Gift_Cards.java:106)
	at âœ½.user should be redirected to payment page by passing all details with excel row "4"(file:///C:/Users/2318646/eclipse-workspace/Hackathon_Project_Cucumber/./Feature_Files/TS003_Val_GiftCards.feature:5)


    Embedding Validating giftCard with valid,invalid inputs [image/png 101710 bytes]

]]></system-out>
    <system-err><![CDATA[Apr 12, 2024 8:00:56 PM org.openqa.selenium.devtools.CdpVersionFinder findNearestMatch
WARNING: Unable to find CDP implementation matching 120
Apr 12, 2024 8:00:56 PM org.openqa.selenium.chromium.ChromiumDriver lambda$new$5
WARNING: Unable to find version of CDP to use for 120.0.6099.130. You may need to include a dependency on a specific version of the CDP using something similar to `org.seleniumhq.selenium:selenium-devtools-v86:4.19.1` where the version ("v86") matches the version of the chromium-based browser you're using and the version number of the artifact is the same as Selenium's.
]]></system-err>
  </testcase>
  <testcase name="Validating giftCard with valid,invalid inputs #5" classname="Validate GiftCard DataDriven with Excel" time="14.241">
    <system-out><![CDATA[
Scenario Outline: Validating giftCard with valid,invalid inputs                            # Feature_Files/TS003_Val_GiftCards.feature:13
  Given the user navigates to giftCard section                                             # step_Definitions.TS003_Validate_Gift_Cards.the_user_navigates_to_gift_card_section()
Info Valid = Nikil
  Then user should be redirected to payment page by passing all details with excel row "5" # step_Definitions.TS003_Validate_Gift_Cards.user_should_be_redirected_to_payment_page_by_passing_all_details_with_excel_row(java.lang.String)

    Embedding Validating giftCard with valid,invalid inputs [image/png 1238909 bytes]

]]></system-out>
    <system-err><![CDATA[Apr 12, 2024 8:01:29 PM org.openqa.selenium.devtools.CdpVersionFinder findNearestMatch
WARNING: Unable to find CDP implementation matching 120
Apr 12, 2024 8:01:29 PM org.openqa.selenium.chromium.ChromiumDriver lambda$new$5
WARNING: Unable to find version of CDP to use for 120.0.6099.130. You may need to include a dependency on a specific version of the CDP using something similar to `org.seleniumhq.selenium:selenium-devtools-v86:4.19.1` where the version ("v86") matches the version of the chromium-based browser you're using and the version number of the artifact is the same as Selenium's.
]]></system-err>
  </testcase>
  <testcase name="Validating giftCard with valid,invalid inputs #6" classname="Validate GiftCard DataDriven with Excel" time="14.759">
    <system-out><![CDATA[
Scenario Outline: Validating giftCard with valid,invalid inputs                            # Feature_Files/TS003_Val_GiftCards.feature:14
  Given the user navigates to giftCard section                                             # step_Definitions.TS003_Validate_Gift_Cards.the_user_navigates_to_gift_card_section()
Info Valid = Aswath
  Then user should be redirected to payment page by passing all details with excel row "6" # step_Definitions.TS003_Validate_Gift_Cards.user_should_be_redirected_to_payment_page_by_passing_all_details_with_excel_row(java.lang.String)

    Embedding Validating giftCard with valid,invalid inputs [image/png 1239126 bytes]

]]></system-out>
    <system-err><![CDATA[Apr 12, 2024 8:01:44 PM org.openqa.selenium.devtools.CdpVersionFinder findNearestMatch
WARNING: Unable to find CDP implementation matching 120
Apr 12, 2024 8:01:44 PM org.openqa.selenium.chromium.ChromiumDriver lambda$new$5
WARNING: Unable to find version of CDP to use for 120.0.6099.130. You may need to include a dependency on a specific version of the CDP using something similar to `org.seleniumhq.selenium:selenium-devtools-v86:4.19.1` where the version ("v86") matches the version of the chromium-based browser you're using and the version number of the artifact is the same as Selenium's.
]]></system-err>
  </testcase>
</testsuite>